<?xml version="1.0" encoding="UTF-8"?>
<!-- Generated by org.testng.reporters.JUnitXMLReporter -->
<testsuite hostname="SIB-LT108687" ignored="0" name="Test" tests="10" failures="3" timestamp="04 Apr 2019 12:29:14 GMT" time="1.339" errors="0">
  <testcase name="TS01_Login" time="0.005" classname="TestScript.Sales"/>
  <testcase name="TS02_Search" time="0.0" classname="TestScript.Sales"/>
  <testcase name="TS03_Select" time="0.0" classname="TestScript.Sales"/>
  <testcase name="TS04_Book" time="0.0" classname="TestScript.Sales"/>
  <testcase name="TS05_AddCart" time="0.001" classname="TestScript.Sales">
    <failure type="java.lang.AssertionError" message="expected [true] but found [false]">
      <![CDATA[java.lang.AssertionError: expected [true] but found [false]
at TestScript.Sales.TS05_AddCart(Sales.java:29)
... Removed 32 stack frames]]>
    </failure>
  </testcase> <!-- TS05_AddCart -->
  <testcase name="TS01_Sales" time="0.0" classname="TestScript.Bill"/>
  <testcase name="TS02_Checkout" time="0.0" classname="TestScript.Bill"/>
  <testcase name="TS03_SelectMode" time="0.0" classname="TestScript.Bill">
    <failure type="java.lang.AssertionError" message="expected [true] but found [false]">
      <![CDATA[java.lang.AssertionError: expected [true] but found [false]
at TestScript.Bill.TS03_SelectMode(Bill.java:19)
... Removed 32 stack frames]]>
    </failure>
  </testcase> <!-- TS03_SelectMode -->
  <testcase name="TS04_Payment" time="0.0" classname="TestScript.Bill"/>
  <testcase name="TS05_Logout" time="0.0" classname="TestScript.Bill">
    <failure type="java.lang.AssertionError" message="expected [true] but found [false]">
      <![CDATA[java.lang.AssertionError: expected [true] but found [false]
at TestScript.Bill.TS05_Logout(Bill.java:29)
... Removed 32 stack frames]]>
    </failure>
  </testcase> <!-- TS05_Logout -->
</testsuite> <!-- Test -->
